# JRE version: OpenJDK Runtime Environment (11.0.12+7) (build 11.0.12+7-b1504.28-7817840)
# Java VM: OpenJDK 64-Bit Server VM (11.0.12+7-b1504.28-7817840, mixed mode, tiered, compressed oops, g1 gc, windows-amd64)
Heap:
 garbage-first heap   total 524288K, used 184274K [0x0000000080000000, 0x0000000100000000)
  region size 1024K, 27 young (27648K), 11 survivors (11264K)
 Metaspace       used 132661K, capacity 137038K, committed 137208K, reserved 1167360K
  class space    used 16847K, capacity 18565K, committed 18636K, reserved 1048576K
GC Heap History (20 events):
Event: 8.813 GC heap before
{Heap before GC invocations=6 (full 0):
 garbage-first heap   total 524288K, used 155788K [0x0000000080000000, 0x0000000100000000)
  region size 1024K, 134 young (137216K), 6 survivors (6144K)
 Metaspace       used 46229K, capacity 47331K, committed 47560K, reserved 1091584K
  class space    used 5931K, capacity 6351K, committed 6476K, reserved 1048576K
}
Event: 8.840 GC heap after
{Heap after GC invocations=7 (full 0):
 garbage-first heap   total 524288K, used 29197K [0x0000000080000000, 0x0000000100000000)
  region size 1024K, 13 young (13312K), 13 survivors (13312K)
 Metaspace       used 46229K, capacity 47331K, committed 47560K, reserved 1091584K
  class space    used 5931K, capacity 6351K, committed 6476K, reserved 1048576K
}
Event: 10.914 GC heap before
{Heap before GC invocations=7 (full 0):
 garbage-first heap   total 524288K, used 211469K [0x0000000080000000, 0x0000000100000000)
  region size 1024K, 189 young (193536K), 13 survivors (13312K)
 Metaspace       used 58542K, capacity 59891K, committed 59976K, reserved 1101824K
  class space    used 7357K, capacity 7852K, committed 7884K, reserved 1048576K
}
Event: 11.002 GC heap after
{Heap after GC invocations=8 (full 0):
 garbage-first heap   total 524288K, used 44472K [0x0000000080000000, 0x0000000100000000)
  region size 1024K, 24 young (24576K), 24 survivors (24576K)
 Metaspace       used 58542K, capacity 59891K, committed 59976K, reserved 1101824K
  class space    used 7357K, capacity 7852K, committed 7884K, reserved 1048576K
}
Event: 16.301 GC heap before
{Heap before GC invocations=9 (full 0):
 garbage-first heap   total 524288K, used 334264K [0x0000000080000000, 0x0000000100000000)
  region size 1024K, 307 young (314368K), 24 survivors (24576K)
 Metaspace       used 84131K, capacity 86130K, committed 86344K, reserved 1124352K
  class space    used 10868K, capacity 11625K, committed 11724K, reserved 1048576K
}
Event: 16.362 GC heap after
{Heap after GC invocations=10 (full 0):
 garbage-first heap   total 524288K, used 65261K [0x0000000080000000, 0x0000000100000000)
  region size 1024K, 39 young (39936K), 39 survivors (39936K)
 Metaspace       used 84131K, capacity 86130K, committed 86344K, reserved 1124352K
  class space    used 10868K, capacity 11625K, committed 11724K, reserved 1048576K
}
Event: 19.698 GC heap before
{Heap before GC invocations=10 (full 0):
 garbage-first heap   total 524288K, used 356077K [0x0000000080000000, 0x0000000100000000)
  region size 1024K, 307 young (314368K), 39 survivors (39936K)
 Metaspace       used 96558K, capacity 99286K, committed 99528K, reserved 1134592K
  class space    used 12487K, capacity 13525K, committed 13644K, reserved 1048576K
}
Event: 19.780 GC heap after
{Heap after GC invocations=11 (full 0):
 garbage-first heap   total 524288K, used 81427K [0x0000000080000000, 0x0000000100000000)
  region size 1024K, 17 young (17408K), 17 survivors (17408K)
 Metaspace       used 96558K, capacity 99286K, committed 99528K, reserved 1134592K
  class space    used 12487K, capacity 13525K, committed 13644K, reserved 1048576K
}
Event: 19.956 GC heap before
{Heap before GC invocations=11 (full 0):
 garbage-first heap   total 524288K, used 112147K [0x0000000080000000, 0x0000000100000000)
  region size 1024K, 49 young (50176K), 17 survivors (17408K)
 Metaspace       used 97668K, capacity 100428K, committed 100600K, reserved 1136640K
  class space    used 12619K, capacity 13667K, committed 13772K, reserved 1048576K
}
Event: 19.969 GC heap after
{Heap after GC invocations=12 (full 0):
 garbage-first heap   total 524288K, used 81711K [0x0000000080000000, 0x0000000100000000)
  region size 1024K, 18 young (18432K), 18 survivors (18432K)
 Metaspace       used 97668K, capacity 100428K, committed 100600K, reserved 1136640K
  class space    used 12619K, capacity 13667K, committed 13772K, reserved 1048576K
}
Event: 21.381 GC heap before
{Heap before GC invocations=13 (full 0):
 garbage-first heap   total 524288K, used 266031K [0x0000000080000000, 0x0000000100000000)
  region size 1024K, 181 young (185344K), 18 survivors (18432K)
 Metaspace       used 105899K, capacity 108806K, committed 109048K, reserved 1142784K
  class space    used 13824K, capacity 14971K, committed 15052K, reserved 1048576K
}
Event: 21.430 GC heap after
{Heap after GC invocations=14 (full 0):
 garbage-first heap   total 524288K, used 118355K [0x0000000080000000, 0x0000000100000000)
  region size 1024K, 23 young (23552K), 23 survivors (23552K)
 Metaspace       used 105899K, capacity 108806K, committed 109048K, reserved 1142784K
  class space    used 13824K, capacity 14971K, committed 15052K, reserved 1048576K
}
Event: 23.359 GC heap before
{Heap before GC invocations=14 (full 0):
 garbage-first heap   total 524288K, used 228947K [0x0000000080000000, 0x0000000100000000)
  region size 1024K, 130 young (133120K), 23 survivors (23552K)
 Metaspace       used 109581K, capacity 112765K, committed 113016K, reserved 1146880K
  class space    used 14321K, capacity 15589K, committed 15692K, reserved 1048576K
}
Event: 23.407 GC heap after
{Heap after GC invocations=15 (full 0):
 garbage-first heap   total 524288K, used 147695K [0x0000000080000000, 0x0000000100000000)
  region size 1024K, 17 young (17408K), 17 survivors (17408K)
 Metaspace       used 109581K, capacity 112765K, committed 113016K, reserved 1146880K
  class space    used 14321K, capacity 15589K, committed 15692K, reserved 1048576K
}
Event: 26.810 GC heap before
{Heap before GC invocations=15 (full 0):
 garbage-first heap   total 524288K, used 321775K [0x0000000080000000, 0x0000000100000000)
  region size 1024K, 177 young (181248K), 17 survivors (17408K)
 Metaspace       used 111644K, capacity 115031K, committed 115320K, reserved 1148928K
  class space    used 14536K, capacity 15830K, committed 15948K, reserved 1048576K
}
Event: 26.846 GC heap after
{Heap after GC invocations=16 (full 0):
 garbage-first heap   total 524288K, used 160020K [0x0000000080000000, 0x0000000100000000)
  region size 1024K, 10 young (10240K), 10 survivors (10240K)
 Metaspace       used 111644K, capacity 115031K, committed 115320K, reserved 1148928K
  class space    used 14536K, capacity 15830K, committed 15948K, reserved 1048576K
}
Event: 29.871 GC heap before
{Heap before GC invocations=16 (full 0):
 garbage-first heap   total 524288K, used 334100K [0x0000000080000000, 0x0000000100000000)
  region size 1024K, 176 young (180224K), 10 survivors (10240K)
 Metaspace       used 125854K, capacity 130071K, committed 130168K, reserved 1161216K
  class space    used 16285K, capacity 17931K, committed 17996K, reserved 1048576K
}
Event: 29.880 GC heap after
{Heap after GC invocations=17 (full 0):
 garbage-first heap   total 524288K, used 166645K [0x0000000080000000, 0x0000000100000000)
  region size 1024K, 14 young (14336K), 14 survivors (14336K)
 Metaspace       used 125854K, capacity 130071K, committed 130168K, reserved 1161216K
  class space    used 16285K, capacity 17931K, committed 17996K, reserved 1048576K
}
Event: 161.208 GC heap before
{Heap before GC invocations=17 (full 0):
 garbage-first heap   total 524288K, used 365301K [0x0000000080000000, 0x0000000100000000)
  region size 1024K, 189 young (193536K), 14 survivors (14336K)
 Metaspace       used 132567K, capacity 136983K, committed 137208K, reserved 1167360K
  class space    used 16837K, capacity 18547K, committed 18636K, reserved 1048576K
}
Event: 161.221 GC heap after
{Heap after GC invocations=18 (full 0):
 garbage-first heap   total 524288K, used 168914K [0x0000000080000000, 0x0000000100000000)
  region size 1024K, 11 young (11264K), 11 survivors (11264K)
 Metaspace       used 132567K, capacity 136983K, committed 137208K, reserved 1167360K
  class space    used 16837K, capacity 18547K, committed 18636K, reserved 1048576K
}

